<?xml version="1.0" encoding="UTF-8"?>
<testsuite name="CalculatorTest" tests="5" skipped="0" failures="0" errors="0" timestamp="2023-08-05T00:20:22" hostname="MacBook-Pro-Stas.local" time="0.024">
  <properties/>
  <testcase name="testDivByZero()" classname="CalculatorTest" time="0.016"/>
  <testcase name="testAdd()" classname="CalculatorTest" time="0.002"/>
  <testcase name="testDiv()" classname="CalculatorTest" time="0.0"/>
  <testcase name="testMul()" classname="CalculatorTest" time="0.001"/>
  <testcase name="testSub()" classname="CalculatorTest" time="0.001"/>
  <system-out><![CDATA[]]></system-out>
  <system-err><![CDATA[]]></system-err>
</testsuite>
